0 info it worked if it ends with ok
1 verbose cli [ 'node', '/usr/local/bin/npm', 'shrinkwrap' ]
2 info using npm@1.1.66
3 info using node@v0.8.15
4 verbose read json /Users/ignacio/Projects/github/Tookie/package.json
5 verbose read json /Users/ignacio/Projects/github/Tookie/node_modules/async/package.json
6 verbose read json /Users/ignacio/Projects/github/Tookie/node_modules/bcrypt/package.json
7 verbose read json /Users/ignacio/Projects/github/Tookie/node_modules/connect-flash/package.json
8 verbose read json /Users/ignacio/Projects/github/Tookie/node_modules/crypto/package.json
9 verbose read json /Users/ignacio/Projects/github/Tookie/node_modules/ejs/package.json
10 verbose read json /Users/ignacio/Projects/github/Tookie/node_modules/ejs-locals/package.json
11 verbose read json /Users/ignacio/Projects/github/Tookie/node_modules/express/package.json
12 verbose read json /Users/ignacio/Projects/github/Tookie/node_modules/jade/package.json
13 verbose read json /Users/ignacio/Projects/github/Tookie/node_modules/mongodb/package.json
14 verbose read json /Users/ignacio/Projects/github/Tookie/node_modules/mongoose/package.json
15 verbose read json /Users/ignacio/Projects/github/Tookie/node_modules/nodemailer/package.json
16 verbose read json /Users/ignacio/Projects/github/Tookie/node_modules/passport/package.json
17 verbose read json /Users/ignacio/Projects/github/Tookie/node_modules/passport-local/package.json
18 verbose read json /Users/ignacio/Projects/github/Tookie/node_modules/request/package.json
19 verbose read json /Users/ignacio/Projects/github/Tookie/node_modules/bcrypt/node_modules/bindings/package.json
20 verbose read json /Users/ignacio/Projects/github/Tookie/node_modules/express/node_modules/buffer-crc32/package.json
21 verbose read json /Users/ignacio/Projects/github/Tookie/node_modules/express/node_modules/commander/package.json
22 verbose read json /Users/ignacio/Projects/github/Tookie/node_modules/express/node_modules/connect/package.json
23 verbose read json /Users/ignacio/Projects/github/Tookie/node_modules/express/node_modules/cookie/package.json
24 verbose read json /Users/ignacio/Projects/github/Tookie/node_modules/express/node_modules/cookie-signature/package.json
25 verbose read json /Users/ignacio/Projects/github/Tookie/node_modules/express/node_modules/debug/package.json
26 verbose read json /Users/ignacio/Projects/github/Tookie/node_modules/express/node_modules/fresh/package.json
27 verbose read json /Users/ignacio/Projects/github/Tookie/node_modules/express/node_modules/methods/package.json
28 verbose read json /Users/ignacio/Projects/github/Tookie/node_modules/express/node_modules/mkdirp/package.json
29 verbose read json /Users/ignacio/Projects/github/Tookie/node_modules/express/node_modules/range-parser/package.json
30 verbose read json /Users/ignacio/Projects/github/Tookie/node_modules/express/node_modules/send/package.json
31 verbose read json /Users/ignacio/Projects/github/Tookie/node_modules/jade/node_modules/commander/package.json
32 verbose read json /Users/ignacio/Projects/github/Tookie/node_modules/jade/node_modules/mkdirp/package.json
33 verbose read json /Users/ignacio/Projects/github/Tookie/node_modules/mongodb/node_modules/bson/package.json
34 verbose read json /Users/ignacio/Projects/github/Tookie/node_modules/mongoose/node_modules/hooks/package.json
35 verbose read json /Users/ignacio/Projects/github/Tookie/node_modules/mongoose/node_modules/ms/package.json
36 verbose read json /Users/ignacio/Projects/github/Tookie/node_modules/mongoose/node_modules/muri/package.json
37 verbose read json /Users/ignacio/Projects/github/Tookie/node_modules/mongoose/node_modules/sliced/package.json
38 verbose read json /Users/ignacio/Projects/github/Tookie/node_modules/nodemailer/node_modules/mailcomposer/package.json
39 verbose read json /Users/ignacio/Projects/github/Tookie/node_modules/nodemailer/node_modules/optimist/package.json
40 verbose read json /Users/ignacio/Projects/github/Tookie/node_modules/nodemailer/node_modules/simplesmtp/package.json
41 verbose read json /Users/ignacio/Projects/github/Tookie/node_modules/passport/node_modules/pkginfo/package.json
42 verbose read json /Users/ignacio/Projects/github/Tookie/node_modules/passport-local/node_modules/passport/package.json
43 verbose read json /Users/ignacio/Projects/github/Tookie/node_modules/passport-local/node_modules/pkginfo/package.json
44 verbose read json /Users/ignacio/Projects/github/Tookie/node_modules/express/node_modules/connect/node_modules/bytes/package.json
45 verbose read json /Users/ignacio/Projects/github/Tookie/node_modules/express/node_modules/connect/node_modules/crc/package.json
46 verbose read json /Users/ignacio/Projects/github/Tookie/node_modules/express/node_modules/connect/node_modules/debug/package.json
47 verbose read json /Users/ignacio/Projects/github/Tookie/node_modules/express/node_modules/connect/node_modules/formidable/package.json
48 verbose read json /Users/ignacio/Projects/github/Tookie/node_modules/express/node_modules/connect/node_modules/pause/package.json
49 verbose read json /Users/ignacio/Projects/github/Tookie/node_modules/express/node_modules/connect/node_modules/qs/package.json
50 verbose read json /Users/ignacio/Projects/github/Tookie/node_modules/express/node_modules/send/node_modules/debug/package.json
51 verbose read json /Users/ignacio/Projects/github/Tookie/node_modules/express/node_modules/send/node_modules/mime/package.json
52 verbose read json /Users/ignacio/Projects/github/Tookie/node_modules/nodemailer/node_modules/mailcomposer/node_modules/mime/package.json
53 verbose read json /Users/ignacio/Projects/github/Tookie/node_modules/nodemailer/node_modules/mailcomposer/node_modules/mimelib/package.json
54 verbose read json /Users/ignacio/Projects/github/Tookie/node_modules/nodemailer/node_modules/optimist/node_modules/wordwrap/package.json
55 verbose read json /Users/ignacio/Projects/github/Tookie/node_modules/nodemailer/node_modules/simplesmtp/node_modules/rai/package.json
56 verbose read json /Users/ignacio/Projects/github/Tookie/node_modules/nodemailer/node_modules/simplesmtp/node_modules/xoauth2/package.json
57 verbose read json /Users/ignacio/Projects/github/Tookie/node_modules/nodemailer/node_modules/mailcomposer/node_modules/mimelib/node_modules/addressparser/package.json
58 verbose read json /Users/ignacio/Projects/github/Tookie/node_modules/nodemailer/node_modules/mailcomposer/node_modules/mimelib/node_modules/encoding/package.json
59 verbose read json /Users/ignacio/Projects/github/Tookie/node_modules/nodemailer/node_modules/mailcomposer/node_modules/mimelib/node_modules/encoding/node_modules/iconv-lite/package.json
60 verbose readInstalled returning express@3.0.5
61 verbose readInstalled returning ejs@0.7.2
62 verbose readInstalled returning ejs-locals@0.1.6
63 verbose readInstalled returning passport@0.1.15
64 verbose readInstalled returning passport-local@0.1.6
65 verbose readInstalled returning connect-flash@0.1.0
66 verbose readInstalled returning bcrypt@0.7.3
67 verbose readInstalled returning crypto@0.0.3
68 verbose readInstalled returning async@0.1.22
69 verbose readInstalled returning request@2.9.203
70 verbose readInstalled returning mongoose@3.5.5
71 verbose readInstalled returning nodemailer@0.3.43
72 verbose readInstalled returning mongodb@1.2.11
73 verbose readInstalled returning jade@0.28.2
74 verbose readInstalled returning connect@2.7.1
75 verbose readInstalled returning commander@0.6.1
76 verbose readInstalled returning range-parser@0.0.4
77 verbose readInstalled returning mkdirp@0.3.3
78 verbose readInstalled returning cookie@0.0.5
79 verbose readInstalled returning buffer-crc32@0.1.1
80 verbose readInstalled returning fresh@0.1.0
81 verbose readInstalled returning methods@0.0.1
82 verbose readInstalled returning send@0.1.0
83 verbose readInstalled returning cookie-signature@0.0.1
84 verbose readInstalled returning debug@0.7.2
85 verbose readInstalled returning qs@0.5.1
86 verbose readInstalled returning formidable@1.0.11
87 verbose readInstalled returning crc@0.2.0
88 verbose readInstalled returning bytes@0.1.0
89 verbose readInstalled returning pause@0.0.1
90 verbose readInstalled returning debug@0.7.2
91 verbose readInstalled returning debug@0.7.2
92 verbose readInstalled returning mime@1.2.6
93 verbose readInstalled returning pkginfo@0.2.3
94 verbose readInstalled returning pkginfo@0.2.3
95 verbose readInstalled returning passport@0.1.15
96 verbose readInstalled returning bindings@1.0.0
97 verbose readInstalled returning hooks@0.2.1
98 verbose readInstalled returning ms@0.1.0
99 verbose readInstalled returning sliced@0.0.3
100 verbose readInstalled returning muri@0.1.0
101 verbose readInstalled returning bson@0.1.6
102 verbose readInstalled returning mailcomposer@0.1.29
103 verbose readInstalled returning simplesmtp@0.2.3
104 verbose readInstalled returning optimist@0.3.5
105 verbose readInstalled returning mimelib@0.2.10
106 verbose readInstalled returning mime@1.2.9
107 verbose readInstalled returning encoding@0.1.5
108 verbose readInstalled returning addressparser@0.1.3
109 verbose readInstalled returning iconv-lite@0.2.7
110 verbose readInstalled returning rai@0.1.7
111 verbose readInstalled returning xoauth2@0.1.6
112 verbose readInstalled returning wordwrap@0.0.2
113 verbose readInstalled returning commander@0.6.1
114 verbose readInstalled returning mkdirp@0.3.5
115 error Error: Problems were encountered
115 error Please correct and try again.
115 error extraneous: jade@0.28.2 /Users/ignacio/Projects/github/Tookie/node_modules/jade
115 error     at shrinkwrap_ (/usr/local/lib/node_modules/npm/lib/shrinkwrap.js:28:15)
115 error     at /usr/local/lib/node_modules/npm/lib/shrinkwrap.js:22:5
115 error     at /usr/local/lib/node_modules/npm/lib/ls.js:40:30
115 error     at /usr/local/lib/node_modules/npm/node_modules/read-installed/read-installed.js:117:5
115 error     at /usr/local/lib/node_modules/npm/node_modules/read-installed/read-installed.js:233:14
115 error     at cb (/usr/local/lib/node_modules/npm/node_modules/slide/lib/async-map.js:48:11)
115 error     at /usr/local/lib/node_modules/npm/node_modules/read-installed/read-installed.js:233:14
115 error     at cb (/usr/local/lib/node_modules/npm/node_modules/slide/lib/async-map.js:48:11)
115 error     at /usr/local/lib/node_modules/npm/node_modules/read-installed/read-installed.js:233:14
115 error     at cb (/usr/local/lib/node_modules/npm/node_modules/slide/lib/async-map.js:48:11)
116 error If you need help, you may report this log at:
116 error     <http://github.com/isaacs/npm/issues>
116 error or email it to:
116 error     <npm-@googlegroups.com>
117 error System Darwin 12.2.1
118 error command "node" "/usr/local/bin/npm" "shrinkwrap"
119 error cwd /Users/ignacio/Projects/github/Tookie
120 error node -v v0.8.15
121 error npm -v 1.1.66
122 verbose exit [ 1, true ]
